<!DOCTYPE html>
<html>
  <head>
    <meta charset="utf-8"/>
    <title id="head-title">report.html</title>
      <style type="text/css">body {
  font-family: Helvetica, Arial, sans-serif;
  font-size: 12px;
  /* do not increase min-width as some may use split screens */
  min-width: 800px;
  color: #999;
}

h1 {
  font-size: 24px;
  color: black;
}

h2 {
  font-size: 16px;
  color: black;
}

p {
  color: black;
}

a {
  color: #999;
}

table {
  border-collapse: collapse;
}

/******************************
 * SUMMARY INFORMATION
 ******************************/
#environment td {
  padding: 5px;
  border: 1px solid #e6e6e6;
  vertical-align: top;
}
#environment tr:nth-child(odd) {
  background-color: #f6f6f6;
}
#environment ul {
  margin: 0;
  padding: 0 20px;
}

/******************************
 * TEST RESULT COLORS
 ******************************/
span.passed,
.passed .col-result {
  color: green;
}

span.skipped,
span.xfailed,
span.rerun,
.skipped .col-result,
.xfailed .col-result,
.rerun .col-result {
  color: orange;
}

span.error,
span.failed,
span.xpassed,
.error .col-result,
.failed .col-result,
.xpassed .col-result {
  color: red;
}

.col-links__extra {
  margin-right: 3px;
}

/******************************
 * RESULTS TABLE
 *
 * 1. Table Layout
 * 2. Extra
 * 3. Sorting items
 *
 ******************************/
/*------------------
 * 1. Table Layout
 *------------------*/
#results-table {
  border: 1px solid #e6e6e6;
  color: #999;
  font-size: 12px;
  width: 100%;
}
#results-table th,
#results-table td {
  padding: 5px;
  border: 1px solid #e6e6e6;
  text-align: left;
}
#results-table th {
  font-weight: bold;
}

/*------------------
 * 2. Extra
 *------------------*/
.logwrapper {
  max-height: 230px;
  overflow-y: scroll;
  background-color: #e6e6e6;
}
.logwrapper.expanded {
  max-height: none;
}
.logwrapper.expanded .logexpander:after {
  content: "collapse [-]";
}
.logwrapper .logexpander {
  z-index: 1;
  position: sticky;
  top: 10px;
  width: max-content;
  border: 1px solid;
  border-radius: 3px;
  padding: 5px 7px;
  margin: 10px 0 10px calc(100% - 80px);
  cursor: pointer;
  background-color: #e6e6e6;
}
.logwrapper .logexpander:after {
  content: "expand [+]";
}
.logwrapper .logexpander:hover {
  color: #000;
  border-color: #000;
}
.logwrapper .log {
  min-height: 40px;
  position: relative;
  top: -50px;
  height: calc(100% + 50px);
  border: 1px solid #e6e6e6;
  color: black;
  display: block;
  font-family: "Courier New", Courier, monospace;
  padding: 5px;
  padding-right: 80px;
  white-space: pre-wrap;
}

div.media {
  border: 1px solid #e6e6e6;
  float: right;
  height: 240px;
  margin: 0 5px;
  overflow: hidden;
  width: 320px;
}

.media-container {
  display: grid;
  grid-template-columns: 25px auto 25px;
  align-items: center;
  flex: 1 1;
  overflow: hidden;
  height: 200px;
}

.media-container--fullscreen {
  grid-template-columns: 0px auto 0px;
}

.media-container__nav--right,
.media-container__nav--left {
  text-align: center;
  cursor: pointer;
}

.media-container__viewport {
  cursor: pointer;
  text-align: center;
  height: inherit;
}
.media-container__viewport img,
.media-container__viewport video {
  object-fit: cover;
  width: 100%;
  max-height: 100%;
}

.media__name,
.media__counter {
  display: flex;
  flex-direction: row;
  justify-content: space-around;
  flex: 0 0 25px;
  align-items: center;
}

.collapsible td:not(.col-links) {
  cursor: pointer;
}
.collapsible td:not(.col-links):hover::after {
  color: #bbb;
  font-style: italic;
  cursor: pointer;
}

.col-result {
  width: 130px;
}
.col-result:hover::after {
  content: " (hide details)";
}

.col-result.collapsed:hover::after {
  content: " (show details)";
}

#environment-header h2:hover::after {
  content: " (hide details)";
  color: #bbb;
  font-style: italic;
  cursor: pointer;
  font-size: 12px;
}

#environment-header.collapsed h2:hover::after {
  content: " (show details)";
  color: #bbb;
  font-style: italic;
  cursor: pointer;
  font-size: 12px;
}

/*------------------
 * 3. Sorting items
 *------------------*/
.sortable {
  cursor: pointer;
}
.sortable.desc:after {
  content: " ";
  position: relative;
  left: 5px;
  bottom: -12.5px;
  border: 10px solid #4caf50;
  border-bottom: 0;
  border-left-color: transparent;
  border-right-color: transparent;
}
.sortable.asc:after {
  content: " ";
  position: relative;
  left: 5px;
  bottom: 12.5px;
  border: 10px solid #4caf50;
  border-top: 0;
  border-left-color: transparent;
  border-right-color: transparent;
}

.hidden, .summary__reload__button.hidden {
  display: none;
}

.summary__data {
  flex: 0 0 550px;
}
.summary__reload {
  flex: 1 1;
  display: flex;
  justify-content: center;
}
.summary__reload__button {
  flex: 0 0 300px;
  display: flex;
  color: white;
  font-weight: bold;
  background-color: #4caf50;
  text-align: center;
  justify-content: center;
  align-items: center;
  border-radius: 3px;
  cursor: pointer;
}
.summary__reload__button:hover {
  background-color: #46a049;
}
.summary__spacer {
  flex: 0 0 550px;
}

.controls {
  display: flex;
  justify-content: space-between;
}

.filters,
.collapse {
  display: flex;
  align-items: center;
}
.filters button,
.collapse button {
  color: #999;
  border: none;
  background: none;
  cursor: pointer;
  text-decoration: underline;
}
.filters button:hover,
.collapse button:hover {
  color: #ccc;
}

.filter__label {
  margin-right: 10px;
}

      </style>
    
  </head>
  <body>
    <h1 id="title">report.html</h1>
    <p>Report generated on 16-Feb-2026 at 06:32:09 by <a href="https://pypi.python.org/pypi/pytest-html">pytest-html</a>
        v4.1.1</p>
    <div id="environment-header">
      <h2>Environment</h2>
    </div>
    <table id="environment"></table>
    <!-- TEMPLATES -->
      <template id="template_environment_row">
      <tr>
        <td></td>
        <td></td>
      </tr>
    </template>
    <template id="template_results-table__body--empty">
      <tbody class="results-table-row">
        <tr id="not-found-message">
          <td colspan="4">No results found. Check the filters.</th>
        </tr>
    </template>
    <template id="template_results-table__tbody">
      <tbody class="results-table-row">
        <tr class="collapsible">
        </tr>
        <tr class="extras-row">
          <td class="extra" colspan="4">
            <div class="extraHTML"></div>
            <div class="media">
              <div class="media-container">
                  <div class="media-container__nav--left"><</div>
                  <div class="media-container__viewport">
                    <img src="" />
                    <video controls>
                      <source src="" type="video/mp4">
                    </video>
                  </div>
                  <div class="media-container__nav--right">></div>
                </div>
                <div class="media__name"></div>
                <div class="media__counter"></div>
            </div>
            <div class="logwrapper">
              <div class="logexpander"></div>
              <div class="log"></div>
            </div>
          </td>
        </tr>
      </tbody>
    </template>
    <!-- END TEMPLATES -->
    <div class="summary">
      <div class="summary__data">
        <h2>Summary</h2>
        <div class="additional-summary prefix">
        </div>
        <p class="run-count">32 tests took 00:02:21.</p>
        <p class="filter">(Un)check the boxes to filter the results.</p>
        <div class="summary__reload">
          <div class="summary__reload__button hidden" onclick="location.reload()">
            <div>There are still tests running. <br />Reload this page to get the latest results!</div>
          </div>
        </div>
        <div class="summary__spacer"></div>
        <div class="controls">
          <div class="filters">
            <input checked="true" class="filter" name="filter_checkbox" type="checkbox" data-test-result="failed" disabled/>
            <span class="failed">0 Failed,</span>
            <input checked="true" class="filter" name="filter_checkbox" type="checkbox" data-test-result="passed" />
            <span class="passed">13 Passed,</span>
            <input checked="true" class="filter" name="filter_checkbox" type="checkbox" data-test-result="skipped" disabled/>
            <span class="skipped">0 Skipped,</span>
            <input checked="true" class="filter" name="filter_checkbox" type="checkbox" data-test-result="xfailed" />
            <span class="xfailed">19 Expected failures,</span>
            <input checked="true" class="filter" name="filter_checkbox" type="checkbox" data-test-result="xpassed" disabled/>
            <span class="xpassed">0 Unexpected passes,</span>
            <input checked="true" class="filter" name="filter_checkbox" type="checkbox" data-test-result="error" disabled/>
            <span class="error">0 Errors,</span>
            <input checked="true" class="filter" name="filter_checkbox" type="checkbox" data-test-result="rerun" disabled/>
            <span class="rerun">0 Reruns</span>
          </div>
          <div class="collapse">
            <button id="show_all_details">Show all details</button>&nbsp;/&nbsp;<button id="hide_all_details">Hide all details</button>
          </div>
        </div>
      </div>
      <div class="additional-summary summary">
      </div>
      <div class="additional-summary postfix">
      </div>
    </div>
    <table id="results-table">
      <thead id="results-table-head">
        <tr>
          <th class="sortable" data-column-type="result">Result</th>
          <th class="sortable" data-column-type="testId">Test</th>
          <th class="sortable" data-column-type="duration">Duration</th>
          <th>Links</th>
        </tr>
      </thead>
    </table>
  </body>
  <footer>
    <div id="data-container" data-jsonblob="{&#34;environment&#34;: {&#34;Python&#34;: &#34;3.12.7&#34;, &#34;Platform&#34;: &#34;Windows-10-10.0.19045-SP0&#34;, &#34;Packages&#34;: {&#34;pytest&#34;: &#34;8.3.4&#34;, &#34;pluggy&#34;: &#34;1.6.0&#34;}, &#34;Plugins&#34;: {&#34;Faker&#34;: &#34;37.4.0&#34;, &#34;base-url&#34;: &#34;2.1.0&#34;, &#34;html&#34;: &#34;4.1.1&#34;, &#34;metadata&#34;: &#34;3.1.1&#34;, &#34;playwright&#34;: &#34;0.6.2&#34;}, &#34;Base URL&#34;: &#34;https://qa-test-web-app.vercel.app&#34;}, &#34;tests&#34;: {&#34;tests/test_forgot_password.py::TestForgotPassword::test_unregistered_email_does_not_show_success[chromium]&#34;: [{&#34;extras&#34;: [], &#34;result&#34;: &#34;XFailed&#34;, &#34;testId&#34;: &#34;tests/test_forgot_password.py::TestForgotPassword::test_unregistered_email_does_not_show_success[chromium]&#34;, &#34;duration&#34;: &#34;00:00:08&#34;, &#34;resultsTableRow&#34;: [&#34;&lt;td class=\&#34;col-result\&#34;&gt;XFailed&lt;/td&gt;&#34;, &#34;&lt;td class=\&#34;col-testId\&#34;&gt;tests/test_forgot_password.py::TestForgotPassword::test_unregistered_email_does_not_show_success[chromium]&lt;/td&gt;&#34;, &#34;&lt;td class=\&#34;col-duration\&#34;&gt;00:00:08&lt;/td&gt;&#34;, &#34;&lt;td class=\&#34;col-links\&#34;&gt;&lt;/td&gt;&#34;], &#34;log&#34;: &#34;self = &amp;lt;tests.test_forgot_password.TestForgotPassword object at 0x000001C87D332FC0&amp;gt;\nforgot_password_page = &amp;lt;pages.forgot_password_page.ForgotPasswordPage object at 0x000001C8003AED20&amp;gt;\n\n    @pytest.mark.xfail(\n        reason=&amp;quot;BUG-012: Forgot password always shows success regardless of input&amp;quot;\n    )\n    def test_unregistered_email_does_not_show_success(self, forgot_password_page):\n        &amp;quot;&amp;quot;&amp;quot;TC-048: Submitting an unregistered email should not claim a reset link was sent.&amp;quot;&amp;quot;&amp;quot;\n        page = forgot_password_page\n    \n        page.email.input(&amp;quot;absolutely_not_registered@fake.com&amp;quot;)\n        page.submit_button.click()\n    \n        # Should NOT show a success message for a non-existent account\n        # (A generic message is acceptable for security, but not a definitive &amp;quot;sent!&amp;quot; success)\n        page.message.wait_until_displayed()\n&amp;gt;       assert not page.message.is_success(), (\n            &amp;quot;Should not show success message for unregistered email&amp;quot;\n        )\nE       AssertionError: Should not show success message for unregistered email\nE       assert not True\nE        +  where True = is_success()\nE        +    where is_success = &amp;lt;pages.components.message.Message object at 0x000001C8003AFEF0&amp;gt;.is_success\nE        +      where &amp;lt;pages.components.message.Message object at 0x000001C8003AFEF0&amp;gt; = &amp;lt;pages.forgot_password_page.ForgotPasswordPage object at 0x000001C8003AED20&amp;gt;.message\n\ntests\\test_forgot_password.py:21: AssertionError\n&#34;}], &#34;tests/test_navigation.py::TestNavigation::test_navigate_to_registration_from_login[chromium]&#34;: [{&#34;extras&#34;: [], &#34;result&#34;: &#34;Passed&#34;, &#34;testId&#34;: &#34;tests/test_navigation.py::TestNavigation::test_navigate_to_registration_from_login[chromium]&#34;, &#34;duration&#34;: &#34;00:00:01&#34;, &#34;resultsTableRow&#34;: [&#34;&lt;td class=\&#34;col-result\&#34;&gt;Passed&lt;/td&gt;&#34;, &#34;&lt;td class=\&#34;col-testId\&#34;&gt;tests/test_navigation.py::TestNavigation::test_navigate_to_registration_from_login[chromium]&lt;/td&gt;&#34;, &#34;&lt;td class=\&#34;col-duration\&#34;&gt;00:00:01&lt;/td&gt;&#34;, &#34;&lt;td class=\&#34;col-links\&#34;&gt;&lt;/td&gt;&#34;], &#34;log&#34;: &#34;No log output captured.&#34;}], &#34;tests/test_navigation.py::TestNavigation::test_navigate_to_login_from_registration[chromium]&#34;: [{&#34;extras&#34;: [], &#34;result&#34;: &#34;Passed&#34;, &#34;testId&#34;: &#34;tests/test_navigation.py::TestNavigation::test_navigate_to_login_from_registration[chromium]&#34;, &#34;duration&#34;: &#34;00:00:02&#34;, &#34;resultsTableRow&#34;: [&#34;&lt;td class=\&#34;col-result\&#34;&gt;Passed&lt;/td&gt;&#34;, &#34;&lt;td class=\&#34;col-testId\&#34;&gt;tests/test_navigation.py::TestNavigation::test_navigate_to_login_from_registration[chromium]&lt;/td&gt;&#34;, &#34;&lt;td class=\&#34;col-duration\&#34;&gt;00:00:02&lt;/td&gt;&#34;, &#34;&lt;td class=\&#34;col-links\&#34;&gt;&lt;/td&gt;&#34;], &#34;log&#34;: &#34;No log output captured.&#34;}], &#34;tests/test_post_registration_flow.py::TestPostRegistrationLogin::test_login_with_registered_credentials[chromium]&#34;: [{&#34;extras&#34;: [], &#34;result&#34;: &#34;Passed&#34;, &#34;testId&#34;: &#34;tests/test_post_registration_flow.py::TestPostRegistrationLogin::test_login_with_registered_credentials[chromium]&#34;, &#34;duration&#34;: &#34;00:00:22&#34;, &#34;resultsTableRow&#34;: [&#34;&lt;td class=\&#34;col-result\&#34;&gt;Passed&lt;/td&gt;&#34;, &#34;&lt;td class=\&#34;col-testId\&#34;&gt;tests/test_post_registration_flow.py::TestPostRegistrationLogin::test_login_with_registered_credentials[chromium]&lt;/td&gt;&#34;, &#34;&lt;td class=\&#34;col-duration\&#34;&gt;00:00:22&lt;/td&gt;&#34;, &#34;&lt;td class=\&#34;col-links\&#34;&gt;&lt;/td&gt;&#34;], &#34;log&#34;: &#34;No log output captured.&#34;}], &#34;tests/test_post_registration_flow.py::TestDuplicateEmailRegistration::test_duplicate_email_registration_rejected[chromium]&#34;: [{&#34;extras&#34;: [], &#34;result&#34;: &#34;Passed&#34;, &#34;testId&#34;: &#34;tests/test_post_registration_flow.py::TestDuplicateEmailRegistration::test_duplicate_email_registration_rejected[chromium]&#34;, &#34;duration&#34;: &#34;00:00:06&#34;, &#34;resultsTableRow&#34;: [&#34;&lt;td class=\&#34;col-result\&#34;&gt;Passed&lt;/td&gt;&#34;, &#34;&lt;td class=\&#34;col-testId\&#34;&gt;tests/test_post_registration_flow.py::TestDuplicateEmailRegistration::test_duplicate_email_registration_rejected[chromium]&lt;/td&gt;&#34;, &#34;&lt;td class=\&#34;col-duration\&#34;&gt;00:00:06&lt;/td&gt;&#34;, &#34;&lt;td class=\&#34;col-links\&#34;&gt;&lt;/td&gt;&#34;], &#34;log&#34;: &#34;No log output captured.&#34;}], &#34;tests/test_post_registration_flow.py::TestMismatchedPasswordRegistration::test_mismatched_passwords_rejected_end_to_end[chromium]&#34;: [{&#34;extras&#34;: [], &#34;result&#34;: &#34;XFailed&#34;, &#34;testId&#34;: &#34;tests/test_post_registration_flow.py::TestMismatchedPasswordRegistration::test_mismatched_passwords_rejected_end_to_end[chromium]&#34;, &#34;duration&#34;: &#34;00:00:04&#34;, &#34;resultsTableRow&#34;: [&#34;&lt;td class=\&#34;col-result\&#34;&gt;XFailed&lt;/td&gt;&#34;, &#34;&lt;td class=\&#34;col-testId\&#34;&gt;tests/test_post_registration_flow.py::TestMismatchedPasswordRegistration::test_mismatched_passwords_rejected_end_to_end[chromium]&lt;/td&gt;&#34;, &#34;&lt;td class=\&#34;col-duration\&#34;&gt;00:00:04&lt;/td&gt;&#34;, &#34;&lt;td class=\&#34;col-links\&#34;&gt;&lt;/td&gt;&#34;], &#34;log&#34;: &#34;self = &amp;lt;tests.test_post_registration_flow.TestMismatchedPasswordRegistration object at 0x000001C800230B00&amp;gt;\ndesktop_context = &amp;lt;BrowserContext browser=&amp;lt;Browser type=&amp;lt;BrowserType name=chromium executable_path=C:\\Users\\draja\\AppData\\Local\\ms-playwright\\chromium-1148\\chrome-win\\chrome.exe&amp;gt; version=131.0.6778.33&amp;gt;&amp;gt;\nbase_url = &amp;#x27;https://qa-test-web-app.vercel.app&amp;#x27;\n\n    @pytest.mark.xfail(\n        reason=&amp;quot;BUG-006: validatePasswordMatch() always returns true \u2014 &amp;quot;\n               &amp;quot;registration should be rejected with mismatched passwords&amp;quot;\n    )\n    def test_mismatched_passwords_rejected_end_to_end(\n        self, desktop_context, base_url\n    ):\n        &amp;quot;&amp;quot;&amp;quot;TC-041a: Registration should not succeed when passwords don&amp;#x27;t match.\n    \n        Even if client-side validation is broken (BUG-006), the server should\n        reject mismatched passwords. Neither layer catches this.\n        &amp;quot;&amp;quot;&amp;quot;\n        user = get_valid_user()\n        user[&amp;quot;password&amp;quot;] = &amp;quot;CorrectPassword123!&amp;quot;\n        user[&amp;quot;confirm_password&amp;quot;] = &amp;quot;WrongPassword456!&amp;quot;\n        page = desktop_context.new_page()\n    \n        reg_page = RegistrationPage(page)\n        reg_page.URL = base_url + reg_page.URL\n        reg_page.navigate()\n        reg_page.fill_form(user)\n        reg_page.submit_form()\n    \n        # Wait for the API response\n        reg_page.message.wait_until_displayed()\n    \n        # Registration should NOT succeed with mismatched passwords\n&amp;gt;       assert not reg_page.message.is_success(), (\n            &amp;quot;Registration should not succeed with mismatched passwords&amp;quot;\n        )\nE       AssertionError: Registration should not succeed with mismatched passwords\nE       assert not True\nE        +  where True = is_success()\nE        +    where is_success = &amp;lt;pages.components.message.Message object at 0x000001C8007727B0&amp;gt;.is_success\nE        +      where &amp;lt;pages.components.message.Message object at 0x000001C8007727B0&amp;gt; = &amp;lt;pages.registration_page.RegistrationPage object at 0x000001C87FC35D60&amp;gt;.message\n\ntests\\test_post_registration_flow.py:100: AssertionError\n&#34;}], &#34;tests/test_post_registration_flow.py::TestMismatchedPasswordRegistration::test_login_uses_password_field_after_mismatch[chromium]&#34;: [{&#34;extras&#34;: [], &#34;result&#34;: &#34;XFailed&#34;, &#34;testId&#34;: &#34;tests/test_post_registration_flow.py::TestMismatchedPasswordRegistration::test_login_uses_password_field_after_mismatch[chromium]&#34;, &#34;duration&#34;: &#34;00:00:05&#34;, &#34;resultsTableRow&#34;: [&#34;&lt;td class=\&#34;col-result\&#34;&gt;XFailed&lt;/td&gt;&#34;, &#34;&lt;td class=\&#34;col-testId\&#34;&gt;tests/test_post_registration_flow.py::TestMismatchedPasswordRegistration::test_login_uses_password_field_after_mismatch[chromium]&lt;/td&gt;&#34;, &#34;&lt;td class=\&#34;col-duration\&#34;&gt;00:00:05&lt;/td&gt;&#34;, &#34;&lt;td class=\&#34;col-links\&#34;&gt;&lt;/td&gt;&#34;], &#34;log&#34;: &#34;self = &amp;lt;tests.test_post_registration_flow.TestMismatchedPasswordRegistration object at 0x000001C800230E60&amp;gt;\ndesktop_context = &amp;lt;BrowserContext browser=&amp;lt;Browser type=&amp;lt;BrowserType name=chromium executable_path=C:\\Users\\draja\\AppData\\Local\\ms-playwright\\chromium-1148\\chrome-win\\chrome.exe&amp;gt; version=131.0.6778.33&amp;gt;&amp;gt;\nbase_url = &amp;#x27;https://qa-test-web-app.vercel.app&amp;#x27;\n\n    @pytest.mark.xfail(\n        reason=&amp;quot;BUG-006: validatePasswordMatch() always returns true \u2014 &amp;quot;\n               &amp;quot;mismatched passwords bypass validation and the &amp;#x27;password&amp;#x27; &amp;quot;\n               &amp;quot;field value is stored&amp;quot;\n    )\n    def test_login_uses_password_field_after_mismatch(\n        self, desktop_context, base_url\n    ):\n        &amp;quot;&amp;quot;&amp;quot;TC-041b: If mismatched registration succeeds (BUG-006), the stored\n        password should be from the &amp;#x27;password&amp;#x27; field, not &amp;#x27;confirmPassword&amp;#x27;.\n    \n        This test documents the real-world impact: which password actually works?\n        Expected behavior: registration should have been rejected entirely.\n        &amp;quot;&amp;quot;&amp;quot;\n        user = get_valid_user()\n        user[&amp;quot;password&amp;quot;] = &amp;quot;CorrectPassword123!&amp;quot;\n        user[&amp;quot;confirm_password&amp;quot;] = &amp;quot;WrongPassword456!&amp;quot;\n        page = desktop_context.new_page()\n    \n        # Step 1: Register with mismatched passwords (succeeds due to BUG-006)\n        reg_page = RegistrationPage(page)\n        reg_page.URL = base_url + reg_page.URL\n        reg_page.navigate()\n        reg_page.fill_form(user)\n        reg_page.submit_form()\n        reg_page.message.wait_until_displayed()\n    \n        # This should not have succeeded, but it does (BUG-006)\n        # Assert it SHOULD fail \u2014 this is the expected correct behavior\n&amp;gt;       assert not reg_page.message.is_success(), (\n            &amp;quot;Registration should have been rejected with mismatched passwords&amp;quot;\n        )\nE       AssertionError: Registration should have been rejected with mismatched passwords\nE       assert not True\nE        +  where True = is_success()\nE        +    where is_success = &amp;lt;pages.components.message.Message object at 0x000001C8006EC500&amp;gt;.is_success\nE        +      where &amp;lt;pages.components.message.Message object at 0x000001C8006EC500&amp;gt; = &amp;lt;pages.registration_page.RegistrationPage object at 0x000001C800244A10&amp;gt;.message\n\ntests\\test_post_registration_flow.py:133: AssertionError\n&#34;}], &#34;tests/test_post_registration_flow.py::TestXSSPrevention::test_xss_in_name_not_executed_on_dashboard[chromium]&#34;: [{&#34;extras&#34;: [], &#34;result&#34;: &#34;Passed&#34;, &#34;testId&#34;: &#34;tests/test_post_registration_flow.py::TestXSSPrevention::test_xss_in_name_not_executed_on_dashboard[chromium]&#34;, &#34;duration&#34;: &#34;00:00:07&#34;, &#34;resultsTableRow&#34;: [&#34;&lt;td class=\&#34;col-result\&#34;&gt;Passed&lt;/td&gt;&#34;, &#34;&lt;td class=\&#34;col-testId\&#34;&gt;tests/test_post_registration_flow.py::TestXSSPrevention::test_xss_in_name_not_executed_on_dashboard[chromium]&lt;/td&gt;&#34;, &#34;&lt;td class=\&#34;col-duration\&#34;&gt;00:00:07&lt;/td&gt;&#34;, &#34;&lt;td class=\&#34;col-links\&#34;&gt;&lt;/td&gt;&#34;], &#34;log&#34;: &#34;No log output captured.&#34;}], &#34;tests/test_registration_happy_path.py::TestRegistrationHappyPath::test_successful_registration_with_valid_data[chromium]&#34;: [{&#34;extras&#34;: [], &#34;result&#34;: &#34;Passed&#34;, &#34;testId&#34;: &#34;tests/test_registration_happy_path.py::TestRegistrationHappyPath::test_successful_registration_with_valid_data[chromium]&#34;, &#34;duration&#34;: &#34;00:00:04&#34;, &#34;resultsTableRow&#34;: [&#34;&lt;td class=\&#34;col-result\&#34;&gt;Passed&lt;/td&gt;&#34;, &#34;&lt;td class=\&#34;col-testId\&#34;&gt;tests/test_registration_happy_path.py::TestRegistrationHappyPath::test_successful_registration_with_valid_data[chromium]&lt;/td&gt;&#34;, &#34;&lt;td class=\&#34;col-duration\&#34;&gt;00:00:04&lt;/td&gt;&#34;, &#34;&lt;td class=\&#34;col-links\&#34;&gt;&lt;/td&gt;&#34;], &#34;log&#34;: &#34;No log output captured.&#34;}], &#34;tests/test_registration_happy_path.py::TestRegistrationHappyPath::test_registration_without_newsletter[chromium]&#34;: [{&#34;extras&#34;: [], &#34;result&#34;: &#34;Passed&#34;, &#34;testId&#34;: &#34;tests/test_registration_happy_path.py::TestRegistrationHappyPath::test_registration_without_newsletter[chromium]&#34;, &#34;duration&#34;: &#34;00:00:05&#34;, &#34;resultsTableRow&#34;: [&#34;&lt;td class=\&#34;col-result\&#34;&gt;Passed&lt;/td&gt;&#34;, &#34;&lt;td class=\&#34;col-testId\&#34;&gt;tests/test_registration_happy_path.py::TestRegistrationHappyPath::test_registration_without_newsletter[chromium]&lt;/td&gt;&#34;, &#34;&lt;td class=\&#34;col-duration\&#34;&gt;00:00:05&lt;/td&gt;&#34;, &#34;&lt;td class=\&#34;col-links\&#34;&gt;&lt;/td&gt;&#34;], &#34;log&#34;: &#34;No log output captured.&#34;}], &#34;tests/test_registration_responsive.py::TestMobileViewport::test_error_messages_visible_on_mobile[chromium]&#34;: [{&#34;extras&#34;: [], &#34;result&#34;: &#34;XFailed&#34;, &#34;testId&#34;: &#34;tests/test_registration_responsive.py::TestMobileViewport::test_error_messages_visible_on_mobile[chromium]&#34;, &#34;duration&#34;: &#34;00:00:02&#34;, &#34;resultsTableRow&#34;: [&#34;&lt;td class=\&#34;col-result\&#34;&gt;XFailed&lt;/td&gt;&#34;, &#34;&lt;td class=\&#34;col-testId\&#34;&gt;tests/test_registration_responsive.py::TestMobileViewport::test_error_messages_visible_on_mobile[chromium]&lt;/td&gt;&#34;, &#34;&lt;td class=\&#34;col-duration\&#34;&gt;00:00:02&lt;/td&gt;&#34;, &#34;&lt;td class=\&#34;col-links\&#34;&gt;&lt;/td&gt;&#34;], &#34;log&#34;: &#34;self = &amp;lt;tests.test_registration_responsive.TestMobileViewport object at 0x000001C800231C40&amp;gt;\nmobile_registration_page = &amp;lt;pages.registration_page.RegistrationPage object at 0x000001C8007B6C00&amp;gt;\n\n    @pytest.mark.mobile\n    @pytest.mark.xfail(\n        reason=&amp;quot;BUG-002: CSS hides .error-message with display:none !important on mobile&amp;quot;\n    )\n    def test_error_messages_visible_on_mobile(self, mobile_registration_page):\n        &amp;quot;&amp;quot;&amp;quot;TC-042: Validation error messages should be visible on mobile.&amp;quot;&amp;quot;&amp;quot;\n        page = mobile_registration_page\n    \n        # Trigger a validation error\n        user = get_valid_user()\n        user[&amp;quot;email&amp;quot;] = &amp;quot;notanemail&amp;quot;\n        page.fill_form(user)\n        page.submit_form()\n    \n        # Error message should be in the DOM AND visible\n        assert page.email.has_error(), &amp;quot;Error message text should be present&amp;quot;\n&amp;gt;       assert page.email.error_is_visible(), &amp;quot;Error message should be visible on mobile&amp;quot;\nE       AssertionError: Error message should be visible on mobile\nE       assert False\nE        +  where False = error_is_visible()\nE        +    where error_is_visible = &amp;lt;pages.components.text_field.TextField object at 0x000001C8007B67E0&amp;gt;.error_is_visible\nE        +      where &amp;lt;pages.components.text_field.TextField object at 0x000001C8007B67E0&amp;gt; = &amp;lt;pages.registration_page.RegistrationPage object at 0x000001C8007B6C00&amp;gt;.email\n\ntests\\test_registration_responsive.py:25: AssertionError\n&#34;}], &#34;tests/test_registration_responsive.py::TestMobileViewport::test_submit_button_fully_visible_on_mobile[chromium]&#34;: [{&#34;extras&#34;: [], &#34;result&#34;: &#34;XFailed&#34;, &#34;testId&#34;: &#34;tests/test_registration_responsive.py::TestMobileViewport::test_submit_button_fully_visible_on_mobile[chromium]&#34;, &#34;duration&#34;: &#34;789 ms&#34;, &#34;resultsTableRow&#34;: [&#34;&lt;td class=\&#34;col-result\&#34;&gt;XFailed&lt;/td&gt;&#34;, &#34;&lt;td class=\&#34;col-testId\&#34;&gt;tests/test_registration_responsive.py::TestMobileViewport::test_submit_button_fully_visible_on_mobile[chromium]&lt;/td&gt;&#34;, &#34;&lt;td class=\&#34;col-duration\&#34;&gt;789 ms&lt;/td&gt;&#34;, &#34;&lt;td class=\&#34;col-links\&#34;&gt;&lt;/td&gt;&#34;], &#34;log&#34;: &#34;self = &amp;lt;tests.test_registration_responsive.TestMobileViewport object at 0x000001C800232210&amp;gt;\nmobile_registration_page = &amp;lt;pages.registration_page.RegistrationPage object at 0x000001C80080B530&amp;gt;\n\n    @pytest.mark.mobile\n    @pytest.mark.xfail(\n        reason=&amp;quot;BUG-009: CSS sets max-height:35px and margin-bottom:-25px on mobile&amp;quot;\n    )\n    def test_submit_button_fully_visible_on_mobile(self, mobile_registration_page):\n        &amp;quot;&amp;quot;&amp;quot;TC-043: Submit button should not be clipped on mobile.&amp;quot;&amp;quot;&amp;quot;\n        page = mobile_registration_page\n    \n        box = page.submit_button.bounding_box()\n        assert box is not None, &amp;quot;Submit button should have a bounding box&amp;quot;\n        # Standard touch target minimum is 44px height\n&amp;gt;       assert box[&amp;quot;height&amp;quot;] &amp;gt;= 44, (\n            f&amp;quot;Button height {box[&amp;#x27;height&amp;#x27;]}px is below 44px minimum touch target&amp;quot;\n        )\nE       AssertionError: Button height 35px is below 44px minimum touch target\nE       assert 35 &amp;gt;= 44\n\ntests\\test_registration_responsive.py:38: AssertionError\n&#34;}], &#34;tests/test_registration_responsive.py::TestMobileViewport::test_newsletter_checkbox_visible_on_mobile[chromium]&#34;: [{&#34;extras&#34;: [], &#34;result&#34;: &#34;XFailed&#34;, &#34;testId&#34;: &#34;tests/test_registration_responsive.py::TestMobileViewport::test_newsletter_checkbox_visible_on_mobile[chromium]&#34;, &#34;duration&#34;: &#34;00:00:01&#34;, &#34;resultsTableRow&#34;: [&#34;&lt;td class=\&#34;col-result\&#34;&gt;XFailed&lt;/td&gt;&#34;, &#34;&lt;td class=\&#34;col-testId\&#34;&gt;tests/test_registration_responsive.py::TestMobileViewport::test_newsletter_checkbox_visible_on_mobile[chromium]&lt;/td&gt;&#34;, &#34;&lt;td class=\&#34;col-duration\&#34;&gt;00:00:01&lt;/td&gt;&#34;, &#34;&lt;td class=\&#34;col-links\&#34;&gt;&lt;/td&gt;&#34;], &#34;log&#34;: &#34;self = &amp;lt;tests.test_registration_responsive.TestMobileViewport object at 0x000001C800232600&amp;gt;\nmobile_registration_page = &amp;lt;pages.registration_page.RegistrationPage object at 0x000001C8008291C0&amp;gt;\n\n    @pytest.mark.mobile\n    @pytest.mark.xfail(\n        reason=&amp;quot;BUG-011: White SVG overlay covers newsletter checkbox on mobile&amp;quot;\n    )\n    def test_newsletter_checkbox_visible_on_mobile(self, mobile_registration_page):\n        &amp;quot;&amp;quot;&amp;quot;TC-044: Newsletter checkbox should be visible and not obscured on mobile.&amp;quot;&amp;quot;&amp;quot;\n        page = mobile_registration_page\n    \n        assert page.newsletter_checkbox.is_visible(), &amp;quot;Newsletter checkbox should be visible&amp;quot;\n        # The overlay should not be displayed\n&amp;gt;       assert page.newsletter_overlay.is_hidden(), (\n            &amp;quot;Newsletter overlay should not be visible on mobile&amp;quot;\n        )\nE       AssertionError: Newsletter overlay should not be visible on mobile\nE       assert False\nE        +  where False = is_hidden()\nE        +    where is_hidden = &amp;lt;Locator frame=&amp;lt;Frame name= url=&amp;#x27;https://qa-test-web-app.vercel.app/register.html&amp;#x27;&amp;gt; selector=&amp;#x27;.mobile-hidden-checkbox .overlay-image-small&amp;#x27;&amp;gt;.is_hidden\nE        +      where &amp;lt;Locator frame=&amp;lt;Frame name= url=&amp;#x27;https://qa-test-web-app.vercel.app/register.html&amp;#x27;&amp;gt; selector=&amp;#x27;.mobile-hidden-checkbox .overlay-image-small&amp;#x27;&amp;gt; = &amp;lt;pages.registration_page.RegistrationPage object at 0x000001C8008291C0&amp;gt;.newsletter_overlay\n\ntests\\test_registration_responsive.py:52: AssertionError\n&#34;}], &#34;tests/test_registration_responsive.py::TestTabletViewport::test_street_address_not_obscured_on_tablet[chromium]&#34;: [{&#34;extras&#34;: [], &#34;result&#34;: &#34;XFailed&#34;, &#34;testId&#34;: &#34;tests/test_registration_responsive.py::TestTabletViewport::test_street_address_not_obscured_on_tablet[chromium]&#34;, &#34;duration&#34;: &#34;967 ms&#34;, &#34;resultsTableRow&#34;: [&#34;&lt;td class=\&#34;col-result\&#34;&gt;XFailed&lt;/td&gt;&#34;, &#34;&lt;td class=\&#34;col-testId\&#34;&gt;tests/test_registration_responsive.py::TestTabletViewport::test_street_address_not_obscured_on_tablet[chromium]&lt;/td&gt;&#34;, &#34;&lt;td class=\&#34;col-duration\&#34;&gt;967 ms&lt;/td&gt;&#34;, &#34;&lt;td class=\&#34;col-links\&#34;&gt;&lt;/td&gt;&#34;], &#34;log&#34;: &#34;self = &amp;lt;tests.test_registration_responsive.TestTabletViewport object at 0x000001C800232AE0&amp;gt;\ntablet_registration_page = &amp;lt;pages.registration_page.RegistrationPage object at 0x000001C800809EB0&amp;gt;\n\n    @pytest.mark.tablet\n    @pytest.mark.xfail(\n        reason=&amp;quot;BUG-010: Advertisement SVG overlay covers Street Address on tablet&amp;quot;\n    )\n    def test_street_address_not_obscured_on_tablet(self, tablet_registration_page):\n        &amp;quot;&amp;quot;&amp;quot;TC-046: Street Address field should not be covered by ad overlay on tablet.&amp;quot;&amp;quot;&amp;quot;\n        page = tablet_registration_page\n    \n        assert page.address.is_visible(), &amp;quot;Street Address field should be visible&amp;quot;\n        # The ad overlay should not be displayed\n&amp;gt;       assert page.address_overlay.is_hidden(), (\n            &amp;quot;Advertisement overlay should not cover the Street Address field&amp;quot;\n        )\nE       AssertionError: Advertisement overlay should not cover the Street Address field\nE       assert False\nE        +  where False = is_hidden()\nE        +    where is_hidden = &amp;lt;Locator frame=&amp;lt;Frame name= url=&amp;#x27;https://qa-test-web-app.vercel.app/register.html&amp;#x27;&amp;gt; selector=&amp;#x27;.tablet-hidden .overlay-image-tablet&amp;#x27;&amp;gt;.is_hidden\nE        +      where &amp;lt;Locator frame=&amp;lt;Frame name= url=&amp;#x27;https://qa-test-web-app.vercel.app/register.html&amp;#x27;&amp;gt; selector=&amp;#x27;.tablet-hidden .overlay-image-tablet&amp;#x27;&amp;gt; = &amp;lt;pages.registration_page.RegistrationPage object at 0x000001C800809EB0&amp;gt;.address_overlay\n\ntests\\test_registration_responsive.py:70: AssertionError\n&#34;}], &#34;tests/test_registration_validation.py::TestRequiredFields::test_empty_form_submission_blocked[chromium]&#34;: [{&#34;extras&#34;: [], &#34;result&#34;: &#34;Passed&#34;, &#34;testId&#34;: &#34;tests/test_registration_validation.py::TestRequiredFields::test_empty_form_submission_blocked[chromium]&#34;, &#34;duration&#34;: &#34;00:00:03&#34;, &#34;resultsTableRow&#34;: [&#34;&lt;td class=\&#34;col-result\&#34;&gt;Passed&lt;/td&gt;&#34;, &#34;&lt;td class=\&#34;col-testId\&#34;&gt;tests/test_registration_validation.py::TestRequiredFields::test_empty_form_submission_blocked[chromium]&lt;/td&gt;&#34;, &#34;&lt;td class=\&#34;col-duration\&#34;&gt;00:00:03&lt;/td&gt;&#34;, &#34;&lt;td class=\&#34;col-links\&#34;&gt;&lt;/td&gt;&#34;], &#34;log&#34;: &#34;No log output captured.&#34;}], &#34;tests/test_registration_validation.py::TestEmailValidation::test_email_without_at_symbol_rejected[chromium]&#34;: [{&#34;extras&#34;: [], &#34;result&#34;: &#34;Passed&#34;, &#34;testId&#34;: &#34;tests/test_registration_validation.py::TestEmailValidation::test_email_without_at_symbol_rejected[chromium]&#34;, &#34;duration&#34;: &#34;00:00:03&#34;, &#34;resultsTableRow&#34;: [&#34;&lt;td class=\&#34;col-result\&#34;&gt;Passed&lt;/td&gt;&#34;, &#34;&lt;td class=\&#34;col-testId\&#34;&gt;tests/test_registration_validation.py::TestEmailValidation::test_email_without_at_symbol_rejected[chromium]&lt;/td&gt;&#34;, &#34;&lt;td class=\&#34;col-duration\&#34;&gt;00:00:03&lt;/td&gt;&#34;, &#34;&lt;td class=\&#34;col-links\&#34;&gt;&lt;/td&gt;&#34;], &#34;log&#34;: &#34;No log output captured.&#34;}], &#34;tests/test_registration_validation.py::TestEmailValidation::test_email_without_domain_rejected[chromium]&#34;: [{&#34;extras&#34;: [], &#34;result&#34;: &#34;Passed&#34;, &#34;testId&#34;: &#34;tests/test_registration_validation.py::TestEmailValidation::test_email_without_domain_rejected[chromium]&#34;, &#34;duration&#34;: &#34;00:00:04&#34;, &#34;resultsTableRow&#34;: [&#34;&lt;td class=\&#34;col-result\&#34;&gt;Passed&lt;/td&gt;&#34;, &#34;&lt;td class=\&#34;col-testId\&#34;&gt;tests/test_registration_validation.py::TestEmailValidation::test_email_without_domain_rejected[chromium]&lt;/td&gt;&#34;, &#34;&lt;td class=\&#34;col-duration\&#34;&gt;00:00:04&lt;/td&gt;&#34;, &#34;&lt;td class=\&#34;col-links\&#34;&gt;&lt;/td&gt;&#34;], &#34;log&#34;: &#34;No log output captured.&#34;}], &#34;tests/test_registration_validation.py::TestEmailValidation::test_email_without_proper_domain_rejected[chromium]&#34;: [{&#34;extras&#34;: [], &#34;result&#34;: &#34;XFailed&#34;, &#34;testId&#34;: &#34;tests/test_registration_validation.py::TestEmailValidation::test_email_without_proper_domain_rejected[chromium]&#34;, &#34;duration&#34;: &#34;00:00:03&#34;, &#34;resultsTableRow&#34;: [&#34;&lt;td class=\&#34;col-result\&#34;&gt;XFailed&lt;/td&gt;&#34;, &#34;&lt;td class=\&#34;col-testId\&#34;&gt;tests/test_registration_validation.py::TestEmailValidation::test_email_without_proper_domain_rejected[chromium]&lt;/td&gt;&#34;, &#34;&lt;td class=\&#34;col-duration\&#34;&gt;00:00:03&lt;/td&gt;&#34;, &#34;&lt;td class=\&#34;col-links\&#34;&gt;&lt;/td&gt;&#34;], &#34;log&#34;: &#34;self = &amp;lt;tests.test_registration_validation.TestEmailValidation object at 0x000001C800233680&amp;gt;\nregistration_page = &amp;lt;pages.registration_page.RegistrationPage object at 0x000001C800795250&amp;gt;\n\n    @pytest.mark.xfail(\n        reason=&amp;quot;BUG-001: Weak email regex /\\\\S+@\\\\S/ accepts &amp;#x27;user@x&amp;#x27; as valid&amp;quot;\n    )\n    def test_email_without_proper_domain_rejected(self, registration_page):\n        &amp;quot;&amp;quot;&amp;quot;TC-010: Email &amp;#x27;user@x&amp;#x27; should be rejected (no valid TLD).&amp;quot;&amp;quot;&amp;quot;\n        user = get_valid_user()\n        user[&amp;quot;email&amp;quot;] = &amp;quot;user@x&amp;quot;\n    \n        registration_page.fill_form(user)\n        registration_page.submit_form()\n    \n&amp;gt;       assert registration_page.email.has_error()\nE       assert False\nE        +  where False = has_error()\nE        +    where has_error = &amp;lt;pages.components.text_field.TextField object at 0x000001C8003AF8C0&amp;gt;.has_error\nE        +      where &amp;lt;pages.components.text_field.TextField object at 0x000001C8003AF8C0&amp;gt; = &amp;lt;pages.registration_page.RegistrationPage object at 0x000001C800795250&amp;gt;.email\n\ntests\\test_registration_validation.py:57: AssertionError\n&#34;}], &#34;tests/test_registration_validation.py::TestEmailValidation::test_email_with_spaces_rejected[chromium]&#34;: [{&#34;extras&#34;: [], &#34;result&#34;: &#34;XFailed&#34;, &#34;testId&#34;: &#34;tests/test_registration_validation.py::TestEmailValidation::test_email_with_spaces_rejected[chromium]&#34;, &#34;duration&#34;: &#34;00:00:05&#34;, &#34;resultsTableRow&#34;: [&#34;&lt;td class=\&#34;col-result\&#34;&gt;XFailed&lt;/td&gt;&#34;, &#34;&lt;td class=\&#34;col-testId\&#34;&gt;tests/test_registration_validation.py::TestEmailValidation::test_email_with_spaces_rejected[chromium]&lt;/td&gt;&#34;, &#34;&lt;td class=\&#34;col-duration\&#34;&gt;00:00:05&lt;/td&gt;&#34;, &#34;&lt;td class=\&#34;col-links\&#34;&gt;&lt;/td&gt;&#34;], &#34;log&#34;: &#34;self = &amp;lt;tests.test_registration_validation.TestEmailValidation object at 0x000001C800244C80&amp;gt;\nregistration_page = &amp;lt;pages.registration_page.RegistrationPage object at 0x000001C8006EC980&amp;gt;\n\n    @pytest.mark.xfail(\n        reason=&amp;quot;BUG-001: Weak email regex /\\\\S+@\\\\S/ accepts spaces in email&amp;quot;\n    )\n    def test_email_with_spaces_rejected(self, registration_page):\n        &amp;quot;&amp;quot;&amp;quot;TC-011: Email with spaces &amp;#x27;user name@email.com&amp;#x27; should be rejected.&amp;quot;&amp;quot;&amp;quot;\n        user = get_valid_user()\n        user[&amp;quot;email&amp;quot;] = &amp;quot;user name@email.com&amp;quot;\n    \n        registration_page.fill_form(user)\n        registration_page.submit_form()\n    \n&amp;gt;       assert registration_page.email.has_error()\nE       assert False\nE        +  where False = has_error()\nE        +    where has_error = &amp;lt;pages.components.text_field.TextField object at 0x000001C80080ABA0&amp;gt;.has_error\nE        +      where &amp;lt;pages.components.text_field.TextField object at 0x000001C80080ABA0&amp;gt; = &amp;lt;pages.registration_page.RegistrationPage object at 0x000001C8006EC980&amp;gt;.email\n\ntests\\test_registration_validation.py:70: AssertionError\n&#34;}], &#34;tests/test_registration_validation.py::TestNameFieldValidation::test_symbols_in_name_fields_rejected[chromium]&#34;: [{&#34;extras&#34;: [], &#34;result&#34;: &#34;XFailed&#34;, &#34;testId&#34;: &#34;tests/test_registration_validation.py::TestNameFieldValidation::test_symbols_in_name_fields_rejected[chromium]&#34;, &#34;duration&#34;: &#34;00:00:04&#34;, &#34;resultsTableRow&#34;: [&#34;&lt;td class=\&#34;col-result\&#34;&gt;XFailed&lt;/td&gt;&#34;, &#34;&lt;td class=\&#34;col-testId\&#34;&gt;tests/test_registration_validation.py::TestNameFieldValidation::test_symbols_in_name_fields_rejected[chromium]&lt;/td&gt;&#34;, &#34;&lt;td class=\&#34;col-duration\&#34;&gt;00:00:04&lt;/td&gt;&#34;, &#34;&lt;td class=\&#34;col-links\&#34;&gt;&lt;/td&gt;&#34;], &#34;log&#34;: &#34;self = &amp;lt;tests.test_registration_validation.TestNameFieldValidation object at 0x000001C8002447A0&amp;gt;\nregistration_page = &amp;lt;pages.registration_page.RegistrationPage object at 0x000001C80086AD80&amp;gt;\n\n    @pytest.mark.xfail(\n        reason=&amp;quot;BUG-015: No character validation on name fields \u2014 symbols like @#$%^&amp;amp; accepted&amp;quot;\n    )\n    def test_symbols_in_name_fields_rejected(self, registration_page):\n        &amp;quot;&amp;quot;&amp;quot;TC-025: Special symbols (@#$%^&amp;amp;) in name fields should be rejected.&amp;quot;&amp;quot;&amp;quot;\n        user = get_valid_user()\n        user[&amp;quot;first_name&amp;quot;] = &amp;quot;John@#$&amp;quot;\n        user[&amp;quot;last_name&amp;quot;] = &amp;quot;Doe%^&amp;amp;&amp;quot;\n    \n        registration_page.fill_form(user)\n        registration_page.submit_form()\n    \n        # Should stay on registration page with no success\n        registration_page.message.wait_until_displayed()\n&amp;gt;       assert not registration_page.message.is_success(), (\n            &amp;quot;Registration should not succeed with symbols in name fields&amp;quot;\n        )\nE       AssertionError: Registration should not succeed with symbols in name fields\nE       assert not True\nE        +  where True = is_success()\nE        +    where is_success = &amp;lt;pages.components.message.Message object at 0x000001C8008BF440&amp;gt;.is_success\nE        +      where &amp;lt;pages.components.message.Message object at 0x000001C8008BF440&amp;gt; = &amp;lt;pages.registration_page.RegistrationPage object at 0x000001C80086AD80&amp;gt;.message\n\ntests\\test_registration_validation.py:90: AssertionError\n&#34;}], &#34;tests/test_registration_validation.py::TestInputTrimming::test_email_with_leading_trailing_spaces_rejected[chromium]&#34;: [{&#34;extras&#34;: [], &#34;result&#34;: &#34;XFailed&#34;, &#34;testId&#34;: &#34;tests/test_registration_validation.py::TestInputTrimming::test_email_with_leading_trailing_spaces_rejected[chromium]&#34;, &#34;duration&#34;: &#34;00:00:04&#34;, &#34;resultsTableRow&#34;: [&#34;&lt;td class=\&#34;col-result\&#34;&gt;XFailed&lt;/td&gt;&#34;, &#34;&lt;td class=\&#34;col-testId\&#34;&gt;tests/test_registration_validation.py::TestInputTrimming::test_email_with_leading_trailing_spaces_rejected[chromium]&lt;/td&gt;&#34;, &#34;&lt;td class=\&#34;col-duration\&#34;&gt;00:00:04&lt;/td&gt;&#34;, &#34;&lt;td class=\&#34;col-links\&#34;&gt;&lt;/td&gt;&#34;], &#34;log&#34;: &#34;self = &amp;lt;tests.test_registration_validation.TestInputTrimming object at 0x000001C8002440B0&amp;gt;\nregistration_page = &amp;lt;pages.registration_page.RegistrationPage object at 0x000001C8008768D0&amp;gt;\n\n    @pytest.mark.xfail(\n        reason=&amp;quot;BUG-016: No input trimming \u2014 leading/trailing spaces in email accepted as-is&amp;quot;\n    )\n    def test_email_with_leading_trailing_spaces_rejected(self, registration_page):\n        &amp;quot;&amp;quot;&amp;quot;TC-027: Email with leading/trailing spaces should be trimmed or rejected.\n    \n        Currently spaces are stored verbatim, so users must type the spaces\n        to log in \u2014 which is unexpected and error-prone.\n        &amp;quot;&amp;quot;&amp;quot;\n        user = get_valid_user()\n        user[&amp;quot;email&amp;quot;] = f&amp;quot;  {user[&amp;#x27;email&amp;#x27;]}  &amp;quot;\n    \n        registration_page.fill_form(user)\n        registration_page.submit_form()\n    \n        registration_page.message.wait_until_displayed()\n&amp;gt;       assert not registration_page.message.is_success(), (\n            &amp;quot;Registration should not succeed with leading/trailing spaces in email&amp;quot;\n        )\nE       AssertionError: Registration should not succeed with leading/trailing spaces in email\nE       assert not True\nE        +  where True = is_success()\nE        +    where is_success = &amp;lt;pages.components.message.Message object at 0x000001C8008BC2C0&amp;gt;.is_success\nE        +      where &amp;lt;pages.components.message.Message object at 0x000001C8008BC2C0&amp;gt; = &amp;lt;pages.registration_page.RegistrationPage object at 0x000001C8008768D0&amp;gt;.message\n\ntests\\test_registration_validation.py:114: AssertionError\n&#34;}], &#34;tests/test_registration_validation.py::TestPhoneValidation::test_phone_with_letters_rejected[chromium]&#34;: [{&#34;extras&#34;: [], &#34;result&#34;: &#34;XFailed&#34;, &#34;testId&#34;: &#34;tests/test_registration_validation.py::TestPhoneValidation::test_phone_with_letters_rejected[chromium]&#34;, &#34;duration&#34;: &#34;00:00:04&#34;, &#34;resultsTableRow&#34;: [&#34;&lt;td class=\&#34;col-result\&#34;&gt;XFailed&lt;/td&gt;&#34;, &#34;&lt;td class=\&#34;col-testId\&#34;&gt;tests/test_registration_validation.py::TestPhoneValidation::test_phone_with_letters_rejected[chromium]&lt;/td&gt;&#34;, &#34;&lt;td class=\&#34;col-duration\&#34;&gt;00:00:04&lt;/td&gt;&#34;, &#34;&lt;td class=\&#34;col-links\&#34;&gt;&lt;/td&gt;&#34;], &#34;log&#34;: &#34;self = &amp;lt;tests.test_registration_validation.TestPhoneValidation object at 0x000001C800245F40&amp;gt;\nregistration_page = &amp;lt;pages.registration_page.RegistrationPage object at 0x000001C8008BF8F0&amp;gt;\n\n    @pytest.mark.xfail(\n        reason=&amp;quot;BUG-004: Phone validation only checks length &amp;gt; 0, accepts any characters&amp;quot;\n    )\n    def test_phone_with_letters_rejected(self, registration_page):\n        &amp;quot;&amp;quot;&amp;quot;TC-013: Alphabetical phone number should be rejected.&amp;quot;&amp;quot;&amp;quot;\n        user = get_valid_user()\n        user[&amp;quot;phone&amp;quot;] = &amp;quot;abcd-efg-hijk&amp;quot;\n    \n        registration_page.fill_form(user)\n        registration_page.submit_form()\n    \n&amp;gt;       assert registration_page.phone.has_error()\nE       assert False\nE        +  where False = has_error()\nE        +    where has_error = &amp;lt;pages.components.text_field.TextField object at 0x000001C8008F8C50&amp;gt;.has_error\nE        +      where &amp;lt;pages.components.text_field.TextField object at 0x000001C8008F8C50&amp;gt; = &amp;lt;pages.registration_page.RegistrationPage object at 0x000001C8008BF8F0&amp;gt;.phone\n\ntests\\test_registration_validation.py:133: AssertionError\n&#34;}], &#34;tests/test_registration_validation.py::TestPasswordValidation::test_four_char_password_rejected[chromium]&#34;: [{&#34;extras&#34;: [], &#34;result&#34;: &#34;XFailed&#34;, &#34;testId&#34;: &#34;tests/test_registration_validation.py::TestPasswordValidation::test_four_char_password_rejected[chromium]&#34;, &#34;duration&#34;: &#34;00:00:03&#34;, &#34;resultsTableRow&#34;: [&#34;&lt;td class=\&#34;col-result\&#34;&gt;XFailed&lt;/td&gt;&#34;, &#34;&lt;td class=\&#34;col-testId\&#34;&gt;tests/test_registration_validation.py::TestPasswordValidation::test_four_char_password_rejected[chromium]&lt;/td&gt;&#34;, &#34;&lt;td class=\&#34;col-duration\&#34;&gt;00:00:03&lt;/td&gt;&#34;, &#34;&lt;td class=\&#34;col-links\&#34;&gt;&lt;/td&gt;&#34;], &#34;log&#34;: &#34;self = &amp;lt;tests.test_registration_validation.TestPasswordValidation object at 0x000001C800246360&amp;gt;\nregistration_page = &amp;lt;pages.registration_page.RegistrationPage object at 0x000001C800869D60&amp;gt;\n\n    @pytest.mark.xfail(\n        reason=&amp;quot;BUG-003: Password minimum is 4 chars instead of industry-standard 8+&amp;quot;\n    )\n    def test_four_char_password_rejected(self, registration_page):\n        &amp;quot;&amp;quot;&amp;quot;TC-017: Password &amp;#x27;1234&amp;#x27; should be rejected (too weak).&amp;quot;&amp;quot;&amp;quot;\n        user = get_valid_user()\n        user[&amp;quot;password&amp;quot;] = &amp;quot;1234&amp;quot;\n        user[&amp;quot;confirm_password&amp;quot;] = &amp;quot;1234&amp;quot;\n    \n        registration_page.fill_form(user)\n        registration_page.submit_form()\n    \n&amp;gt;       assert registration_page.password.has_error()\nE       assert False\nE        +  where False = has_error()\nE        +    where has_error = &amp;lt;pages.components.text_field.TextField object at 0x000001C8008FB200&amp;gt;.has_error\nE        +      where &amp;lt;pages.components.text_field.TextField object at 0x000001C8008FB200&amp;gt; = &amp;lt;pages.registration_page.RegistrationPage object at 0x000001C800869D60&amp;gt;.password\n\ntests\\test_registration_validation.py:152: AssertionError\n&#34;}], &#34;tests/test_registration_validation.py::TestPasswordValidation::test_mismatched_passwords_rejected_client_side[chromium]&#34;: [{&#34;extras&#34;: [], &#34;result&#34;: &#34;XFailed&#34;, &#34;testId&#34;: &#34;tests/test_registration_validation.py::TestPasswordValidation::test_mismatched_passwords_rejected_client_side[chromium]&#34;, &#34;duration&#34;: &#34;00:00:05&#34;, &#34;resultsTableRow&#34;: [&#34;&lt;td class=\&#34;col-result\&#34;&gt;XFailed&lt;/td&gt;&#34;, &#34;&lt;td class=\&#34;col-testId\&#34;&gt;tests/test_registration_validation.py::TestPasswordValidation::test_mismatched_passwords_rejected_client_side[chromium]&lt;/td&gt;&#34;, &#34;&lt;td class=\&#34;col-duration\&#34;&gt;00:00:05&lt;/td&gt;&#34;, &#34;&lt;td class=\&#34;col-links\&#34;&gt;&lt;/td&gt;&#34;], &#34;log&#34;: &#34;self = &amp;lt;tests.test_registration_validation.TestPasswordValidation object at 0x000001C800246750&amp;gt;\nregistration_page = &amp;lt;pages.registration_page.RegistrationPage object at 0x000001C80090CAA0&amp;gt;\n\n    @pytest.mark.xfail(\n        reason=&amp;quot;BUG-006: validatePasswordMatch() always returns true&amp;quot;\n    )\n    def test_mismatched_passwords_rejected_client_side(self, registration_page):\n        &amp;quot;&amp;quot;&amp;quot;TC-016: Client-side validation should catch mismatched passwords\n        and show an error BEFORE submitting to the server.&amp;quot;&amp;quot;&amp;quot;\n        user = get_valid_user()\n        user[&amp;quot;password&amp;quot;] = &amp;quot;SecurePass123!&amp;quot;\n        user[&amp;quot;confirm_password&amp;quot;] = &amp;quot;CompletelyDifferent456!&amp;quot;\n    \n        registration_page.fill_form(user)\n        registration_page.submit_form()\n    \n        # Client-side should show error immediately (no API wait needed)\n&amp;gt;       assert registration_page.confirm_password.has_error()\nE       assert False\nE        +  where False = has_error()\nE        +    where has_error = &amp;lt;pages.components.text_field.TextField object at 0x000001C80090E3C0&amp;gt;.has_error\nE        +      where &amp;lt;pages.components.text_field.TextField object at 0x000001C80090E3C0&amp;gt; = &amp;lt;pages.registration_page.RegistrationPage object at 0x000001C80090CAA0&amp;gt;.confirm_password\n\ntests\\test_registration_validation.py:168: AssertionError\n&#34;}], &#34;tests/test_registration_validation.py::TestZipCodeValidation::test_zip_code_with_letters_rejected[chromium]&#34;: [{&#34;extras&#34;: [], &#34;result&#34;: &#34;XFailed&#34;, &#34;testId&#34;: &#34;tests/test_registration_validation.py::TestZipCodeValidation::test_zip_code_with_letters_rejected[chromium]&#34;, &#34;duration&#34;: &#34;00:00:03&#34;, &#34;resultsTableRow&#34;: [&#34;&lt;td class=\&#34;col-result\&#34;&gt;XFailed&lt;/td&gt;&#34;, &#34;&lt;td class=\&#34;col-testId\&#34;&gt;tests/test_registration_validation.py::TestZipCodeValidation::test_zip_code_with_letters_rejected[chromium]&lt;/td&gt;&#34;, &#34;&lt;td class=\&#34;col-duration\&#34;&gt;00:00:03&lt;/td&gt;&#34;, &#34;&lt;td class=\&#34;col-links\&#34;&gt;&lt;/td&gt;&#34;], &#34;log&#34;: &#34;self = &amp;lt;tests.test_registration_validation.TestZipCodeValidation object at 0x000001C800233380&amp;gt;\nregistration_page = &amp;lt;pages.registration_page.RegistrationPage object at 0x000001C8008BF020&amp;gt;\n\n    @pytest.mark.xfail(\n        reason=&amp;quot;BUG-008: ZIP validation only checks length &amp;gt;= 3, accepts letters&amp;quot;\n    )\n    def test_zip_code_with_letters_rejected(self, registration_page):\n        &amp;quot;&amp;quot;&amp;quot;TC-020: Alphabetical ZIP code &amp;#x27;ABCDE&amp;#x27; should be rejected.&amp;quot;&amp;quot;&amp;quot;\n        user = get_valid_user()\n        user[&amp;quot;zip_code&amp;quot;] = &amp;quot;ABCDE&amp;quot;\n    \n        registration_page.fill_form(user)\n        registration_page.submit_form()\n    \n&amp;gt;       assert registration_page.zip_code.has_error()\nE       assert False\nE        +  where False = has_error()\nE        +    where has_error = &amp;lt;pages.components.text_field.TextField object at 0x000001C8008FBC80&amp;gt;.has_error\nE        +      where &amp;lt;pages.components.text_field.TextField object at 0x000001C8008FBC80&amp;gt; = &amp;lt;pages.registration_page.RegistrationPage object at 0x000001C8008BF020&amp;gt;.zip_code\n\ntests\\test_registration_validation.py:186: AssertionError\n&#34;}], &#34;tests/test_registration_validation.py::TestZipCodeValidation::test_zip_code_too_short_rejected[chromium]&#34;: [{&#34;extras&#34;: [], &#34;result&#34;: &#34;Passed&#34;, &#34;testId&#34;: &#34;tests/test_registration_validation.py::TestZipCodeValidation::test_zip_code_too_short_rejected[chromium]&#34;, &#34;duration&#34;: &#34;00:00:03&#34;, &#34;resultsTableRow&#34;: [&#34;&lt;td class=\&#34;col-result\&#34;&gt;Passed&lt;/td&gt;&#34;, &#34;&lt;td class=\&#34;col-testId\&#34;&gt;tests/test_registration_validation.py::TestZipCodeValidation::test_zip_code_too_short_rejected[chromium]&lt;/td&gt;&#34;, &#34;&lt;td class=\&#34;col-duration\&#34;&gt;00:00:03&lt;/td&gt;&#34;, &#34;&lt;td class=\&#34;col-links\&#34;&gt;&lt;/td&gt;&#34;], &#34;log&#34;: &#34;No log output captured.&#34;}], &#34;tests/test_registration_validation.py::TestZipCodeValidation::test_zip_code_too_long_rejected[chromium]&#34;: [{&#34;extras&#34;: [], &#34;result&#34;: &#34;XFailed&#34;, &#34;testId&#34;: &#34;tests/test_registration_validation.py::TestZipCodeValidation::test_zip_code_too_long_rejected[chromium]&#34;, &#34;duration&#34;: &#34;00:00:04&#34;, &#34;resultsTableRow&#34;: [&#34;&lt;td class=\&#34;col-result\&#34;&gt;XFailed&lt;/td&gt;&#34;, &#34;&lt;td class=\&#34;col-testId\&#34;&gt;tests/test_registration_validation.py::TestZipCodeValidation::test_zip_code_too_long_rejected[chromium]&lt;/td&gt;&#34;, &#34;&lt;td class=\&#34;col-duration\&#34;&gt;00:00:04&lt;/td&gt;&#34;, &#34;&lt;td class=\&#34;col-links\&#34;&gt;&lt;/td&gt;&#34;], &#34;log&#34;: &#34;self = &amp;lt;tests.test_registration_validation.TestZipCodeValidation object at 0x000001C800246E10&amp;gt;\nregistration_page = &amp;lt;pages.registration_page.RegistrationPage object at 0x000001C8008BFAA0&amp;gt;\n\n    @pytest.mark.xfail(\n        reason=&amp;quot;BUG-008: ZIP validation has no upper bound, only checks length &amp;gt;= 3&amp;quot;\n    )\n    def test_zip_code_too_long_rejected(self, registration_page):\n        &amp;quot;&amp;quot;&amp;quot;TC-021b: ZIP code &amp;#x27;123456789&amp;#x27; (9 digits) should be rejected as too long.&amp;quot;&amp;quot;&amp;quot;\n        user = get_valid_user()\n        user[&amp;quot;zip_code&amp;quot;] = &amp;quot;123456789&amp;quot;\n    \n        registration_page.fill_form(user)\n        registration_page.submit_form()\n    \n&amp;gt;       assert registration_page.zip_code.has_error()\nE       assert False\nE        +  where False = has_error()\nE        +    where has_error = &amp;lt;pages.components.text_field.TextField object at 0x000001C8008BCA10&amp;gt;.has_error\nE        +      where &amp;lt;pages.components.text_field.TextField object at 0x000001C8008BCA10&amp;gt; = &amp;lt;pages.registration_page.RegistrationPage object at 0x000001C8008BFAA0&amp;gt;.zip_code\n\ntests\\test_registration_validation.py:210: AssertionError\n&#34;}], &#34;tests/test_registration_validation.py::TestTermsValidation::test_terms_unchecked_shows_client_side_error[chromium]&#34;: [{&#34;extras&#34;: [], &#34;result&#34;: &#34;XFailed&#34;, &#34;testId&#34;: &#34;tests/test_registration_validation.py::TestTermsValidation::test_terms_unchecked_shows_client_side_error[chromium]&#34;, &#34;duration&#34;: &#34;00:00:06&#34;, &#34;resultsTableRow&#34;: [&#34;&lt;td class=\&#34;col-result\&#34;&gt;XFailed&lt;/td&gt;&#34;, &#34;&lt;td class=\&#34;col-testId\&#34;&gt;tests/test_registration_validation.py::TestTermsValidation::test_terms_unchecked_shows_client_side_error[chromium]&lt;/td&gt;&#34;, &#34;&lt;td class=\&#34;col-duration\&#34;&gt;00:00:06&lt;/td&gt;&#34;, &#34;&lt;td class=\&#34;col-links\&#34;&gt;&lt;/td&gt;&#34;], &#34;log&#34;: &#34;self = &amp;lt;tests.test_registration_validation.TestTermsValidation object at 0x000001C8002472F0&amp;gt;\nregistration_page = &amp;lt;pages.registration_page.RegistrationPage object at 0x000001C8008BE540&amp;gt;\n\n    @pytest.mark.xfail(\n        reason=&amp;quot;BUG-007: Terms checkbox validation is commented out in source code&amp;quot;\n    )\n    def test_terms_unchecked_shows_client_side_error(self, registration_page):\n        &amp;quot;&amp;quot;&amp;quot;TC-006a: Client-side validation should prevent submission without\n        accepting Terms and Conditions, showing an error message immediately.&amp;quot;&amp;quot;&amp;quot;\n        user = get_valid_user()\n        user[&amp;quot;accept_terms&amp;quot;] = False\n    \n        registration_page.fill_form(user)\n        registration_page.submit_form()\n    \n        # Client-side should block submission and show an error (no API wait)\n&amp;gt;       assert registration_page.message.is_displayed()\nE       assert False\nE        +  where False = is_displayed()\nE        +    where is_displayed = &amp;lt;pages.components.message.Message object at 0x000001C8008F98E0&amp;gt;.is_displayed\nE        +      where &amp;lt;pages.components.message.Message object at 0x000001C8008F98E0&amp;gt; = &amp;lt;pages.registration_page.RegistrationPage object at 0x000001C8008BE540&amp;gt;.message\n\ntests\\test_registration_validation.py:229: AssertionError\n&#34;}], &#34;tests/test_registration_validation.py::TestTermsValidation::test_terms_unchecked_registration_fails_end_to_end[chromium]&#34;: [{&#34;extras&#34;: [], &#34;result&#34;: &#34;XFailed&#34;, &#34;testId&#34;: &#34;tests/test_registration_validation.py::TestTermsValidation::test_terms_unchecked_registration_fails_end_to_end[chromium]&#34;, &#34;duration&#34;: &#34;00:00:05&#34;, &#34;resultsTableRow&#34;: [&#34;&lt;td class=\&#34;col-result\&#34;&gt;XFailed&lt;/td&gt;&#34;, &#34;&lt;td class=\&#34;col-testId\&#34;&gt;tests/test_registration_validation.py::TestTermsValidation::test_terms_unchecked_registration_fails_end_to_end[chromium]&lt;/td&gt;&#34;, &#34;&lt;td class=\&#34;col-duration\&#34;&gt;00:00:05&lt;/td&gt;&#34;, &#34;&lt;td class=\&#34;col-links\&#34;&gt;&lt;/td&gt;&#34;], &#34;log&#34;: &#34;self = &amp;lt;tests.test_registration_validation.TestTermsValidation object at 0x000001C800247740&amp;gt;\nregistration_page = &amp;lt;pages.registration_page.RegistrationPage object at 0x000001C800876840&amp;gt;\n\n    @pytest.mark.xfail(\n        reason=&amp;quot;BUG-007: Neither client nor server enforces Terms acceptance&amp;quot;\n    )\n    def test_terms_unchecked_registration_fails_end_to_end(self, registration_page):\n        &amp;quot;&amp;quot;&amp;quot;TC-006b: Even if client-side is bypassed, registration should not\n        succeed without Terms acceptance (server-side enforcement).&amp;quot;&amp;quot;&amp;quot;\n        user = get_valid_user()\n        user[&amp;quot;accept_terms&amp;quot;] = False\n    \n        registration_page.fill_form(user)\n        registration_page.submit_form()\n    \n        # Wait for the API response to arrive\n        registration_page.message.wait_until_displayed()\n    \n        # Registration should NOT succeed without terms\n&amp;gt;       assert not registration_page.message.is_success(), (\n            &amp;quot;Registration should not succeed without accepting Terms and Conditions&amp;quot;\n        )\nE       AssertionError: Registration should not succeed without accepting Terms and Conditions\nE       assert not True\nE        +  where True = is_success()\nE        +    where is_success = &amp;lt;pages.components.message.Message object at 0x000001C800874E60&amp;gt;.is_success\nE        +      where &amp;lt;pages.components.message.Message object at 0x000001C800874E60&amp;gt; = &amp;lt;pages.registration_page.RegistrationPage object at 0x000001C800876840&amp;gt;.message\n\ntests\\test_registration_validation.py:248: AssertionError\n&#34;}], &#34;tests/test_registration_validation.py::TestMaxLengthValidation::test_excessively_long_input_rejected[chromium]&#34;: [{&#34;extras&#34;: [], &#34;result&#34;: &#34;XFailed&#34;, &#34;testId&#34;: &#34;tests/test_registration_validation.py::TestMaxLengthValidation::test_excessively_long_input_rejected[chromium]&#34;, &#34;duration&#34;: &#34;00:00:04&#34;, &#34;resultsTableRow&#34;: [&#34;&lt;td class=\&#34;col-result\&#34;&gt;XFailed&lt;/td&gt;&#34;, &#34;&lt;td class=\&#34;col-testId\&#34;&gt;tests/test_registration_validation.py::TestMaxLengthValidation::test_excessively_long_input_rejected[chromium]&lt;/td&gt;&#34;, &#34;&lt;td class=\&#34;col-duration\&#34;&gt;00:00:04&lt;/td&gt;&#34;, &#34;&lt;td class=\&#34;col-links\&#34;&gt;&lt;/td&gt;&#34;], &#34;log&#34;: &#34;self = &amp;lt;tests.test_registration_validation.TestMaxLengthValidation object at 0x000001C800247BC0&amp;gt;\nregistration_page = &amp;lt;pages.registration_page.RegistrationPage object at 0x000001C800874B30&amp;gt;\n\n    @pytest.mark.xfail(\n        reason=&amp;quot;BUG-014: No maxlength attribute or length validation \u2014 300+ char strings &amp;quot;\n               &amp;quot;accepted and break the dashboard display&amp;quot;\n    )\n    def test_excessively_long_input_rejected(self, registration_page):\n        &amp;quot;&amp;quot;&amp;quot;TC-022: 300+ character strings in text fields should be rejected or truncated.&amp;quot;&amp;quot;&amp;quot;\n        long_string = &amp;quot;A&amp;quot; * 300\n        user = get_valid_user()\n        user[&amp;quot;first_name&amp;quot;] = long_string\n        user[&amp;quot;last_name&amp;quot;] = long_string\n        user[&amp;quot;address&amp;quot;] = long_string\n        user[&amp;quot;city&amp;quot;] = long_string\n    \n        registration_page.fill_form(user)\n        registration_page.submit_form()\n    \n        registration_page.message.wait_until_displayed()\n&amp;gt;       assert not registration_page.message.is_success(), (\n            &amp;quot;Registration should not succeed with 300+ character input fields&amp;quot;\n        )\nE       AssertionError: Registration should not succeed with 300+ character input fields\nE       assert not True\nE        +  where True = is_success()\nE        +    where is_success = &amp;lt;pages.components.message.Message object at 0x000001C8008F9340&amp;gt;.is_success\nE        +      where &amp;lt;pages.components.message.Message object at 0x000001C8008F9340&amp;gt; = &amp;lt;pages.registration_page.RegistrationPage object at 0x000001C800874B30&amp;gt;.message\n\ntests\\test_registration_validation.py:273: AssertionError\n&#34;}], &#34;tests/test_registration_validation.py::TestSecurityInputHandling::test_sql_injection_in_fields_does_not_cause_error[chromium]&#34;: [{&#34;extras&#34;: [], &#34;result&#34;: &#34;Passed&#34;, &#34;testId&#34;: &#34;tests/test_registration_validation.py::TestSecurityInputHandling::test_sql_injection_in_fields_does_not_cause_error[chromium]&#34;, &#34;duration&#34;: &#34;00:00:05&#34;, &#34;resultsTableRow&#34;: [&#34;&lt;td class=\&#34;col-result\&#34;&gt;Passed&lt;/td&gt;&#34;, &#34;&lt;td class=\&#34;col-testId\&#34;&gt;tests/test_registration_validation.py::TestSecurityInputHandling::test_sql_injection_in_fields_does_not_cause_error[chromium]&lt;/td&gt;&#34;, &#34;&lt;td class=\&#34;col-duration\&#34;&gt;00:00:05&lt;/td&gt;&#34;, &#34;&lt;td class=\&#34;col-links\&#34;&gt;&lt;/td&gt;&#34;], &#34;log&#34;: &#34;No log output captured.&#34;}], &#34;tests/test_registration_validation.py::TestFormDataPersistence::test_field_values_preserved_after_validation_error[chromium]&#34;: [{&#34;extras&#34;: [], &#34;result&#34;: &#34;Passed&#34;, &#34;testId&#34;: &#34;tests/test_registration_validation.py::TestFormDataPersistence::test_field_values_preserved_after_validation_error[chromium]&#34;, &#34;duration&#34;: &#34;00:00:05&#34;, &#34;resultsTableRow&#34;: [&#34;&lt;td class=\&#34;col-result\&#34;&gt;Passed&lt;/td&gt;&#34;, &#34;&lt;td class=\&#34;col-testId\&#34;&gt;tests/test_registration_validation.py::TestFormDataPersistence::test_field_values_preserved_after_validation_error[chromium]&lt;/td&gt;&#34;, &#34;&lt;td class=\&#34;col-duration\&#34;&gt;00:00:05&lt;/td&gt;&#34;, &#34;&lt;td class=\&#34;col-links\&#34;&gt;&lt;/td&gt;&#34;], &#34;log&#34;: &#34;No log output captured.&#34;}]}, &#34;renderCollapsed&#34;: [&#34;passed&#34;], &#34;initialSort&#34;: &#34;result&#34;, &#34;title&#34;: &#34;report.html&#34;}"></div>
    <script>
      (function(){function r(e,n,t){function o(i,f){if(!n[i]){if(!e[i]){var c="function"==typeof require&&require;if(!f&&c)return c(i,!0);if(u)return u(i,!0);var a=new Error("Cannot find module '"+i+"'");throw a.code="MODULE_NOT_FOUND",a}var p=n[i]={exports:{}};e[i][0].call(p.exports,function(r){var n=e[i][1][r];return o(n||r)},p,p.exports,r,e,n,t)}return n[i].exports}for(var u="function"==typeof require&&require,i=0;i<t.length;i++)o(t[i]);return o}return r})()({1:[function(require,module,exports){
const { getCollapsedCategory, setCollapsedIds } = require('./storage.js')

class DataManager {
    setManager(data) {
        const collapsedCategories = [...getCollapsedCategory(data.renderCollapsed)]
        const collapsedIds = []
        const tests = Object.values(data.tests).flat().map((test, index) => {
            const collapsed = collapsedCategories.includes(test.result.toLowerCase())
            const id = `test_${index}`
            if (collapsed) {
                collapsedIds.push(id)
            }
            return {
                ...test,
                id,
                collapsed,
            }
        })
        const dataBlob = { ...data, tests }
        this.data = { ...dataBlob }
        this.renderData = { ...dataBlob }
        setCollapsedIds(collapsedIds)
    }

    get allData() {
        return { ...this.data }
    }

    resetRender() {
        this.renderData = { ...this.data }
    }

    setRender(data) {
        this.renderData.tests = [...data]
    }

    toggleCollapsedItem(id) {
        this.renderData.tests = this.renderData.tests.map((test) =>
            test.id === id ? { ...test, collapsed: !test.collapsed } : test,
        )
    }

    set allCollapsed(collapsed) {
        this.renderData = { ...this.renderData, tests: [...this.renderData.tests.map((test) => (
            { ...test, collapsed }
        ))] }
    }

    get testSubset() {
        return [...this.renderData.tests]
    }

    get environment() {
        return this.renderData.environment
    }

    get initialSort() {
        return this.data.initialSort
    }
}

module.exports = {
    manager: new DataManager(),
}

},{"./storage.js":8}],2:[function(require,module,exports){
const mediaViewer = require('./mediaviewer.js')
const templateEnvRow = document.getElementById('template_environment_row')
const templateResult = document.getElementById('template_results-table__tbody')

function htmlToElements(html) {
    const temp = document.createElement('template')
    temp.innerHTML = html
    return temp.content.childNodes
}

const find = (selector, elem) => {
    if (!elem) {
        elem = document
    }
    return elem.querySelector(selector)
}

const findAll = (selector, elem) => {
    if (!elem) {
        elem = document
    }
    return [...elem.querySelectorAll(selector)]
}

const dom = {
    getStaticRow: (key, value) => {
        const envRow = templateEnvRow.content.cloneNode(true)
        const isObj = typeof value === 'object' && value !== null
        const values = isObj ? Object.keys(value).map((k) => `${k}: ${value[k]}`) : null

        const valuesElement = htmlToElements(
            values ? `<ul>${values.map((val) => `<li>${val}</li>`).join('')}<ul>` : `<div>${value}</div>`)[0]
        const td = findAll('td', envRow)
        td[0].textContent = key
        td[1].appendChild(valuesElement)

        return envRow
    },
    getResultTBody: ({ testId, id, log, extras, resultsTableRow, tableHtml, result, collapsed }) => {
        const resultBody = templateResult.content.cloneNode(true)
        resultBody.querySelector('tbody').classList.add(result.toLowerCase())
        resultBody.querySelector('tbody').id = testId
        resultBody.querySelector('.collapsible').dataset.id = id

        resultsTableRow.forEach((html) => {
            const t = document.createElement('template')
            t.innerHTML = html
            resultBody.querySelector('.collapsible').appendChild(t.content)
        })

        if (log) {
            // Wrap lines starting with "E" with span.error to color those lines red
            const wrappedLog = log.replace(/^E.*$/gm, (match) => `<span class="error">${match}</span>`)
            resultBody.querySelector('.log').innerHTML = wrappedLog
        } else {
            resultBody.querySelector('.log').remove()
        }

        if (collapsed) {
            resultBody.querySelector('.collapsible > td')?.classList.add('collapsed')
            resultBody.querySelector('.extras-row').classList.add('hidden')
        } else {
            resultBody.querySelector('.collapsible > td')?.classList.remove('collapsed')
        }

        const media = []
        extras?.forEach(({ name, format_type, content }) => {
            if (['image', 'video'].includes(format_type)) {
                media.push({ path: content, name, format_type })
            }

            if (format_type === 'html') {
                resultBody.querySelector('.extraHTML').insertAdjacentHTML('beforeend', `<div>${content}</div>`)
            }
        })
        mediaViewer.setup(resultBody, media)

        // Add custom html from the pytest_html_results_table_html hook
        tableHtml?.forEach((item) => {
            resultBody.querySelector('td[class="extra"]').insertAdjacentHTML('beforeend', item)
        })

        return resultBody
    },
}

module.exports = {
    dom,
    htmlToElements,
    find,
    findAll,
}

},{"./mediaviewer.js":6}],3:[function(require,module,exports){
const { manager } = require('./datamanager.js')
const { doSort } = require('./sort.js')
const storageModule = require('./storage.js')

const getFilteredSubSet = (filter) =>
    manager.allData.tests.filter(({ result }) => filter.includes(result.toLowerCase()))

const doInitFilter = () => {
    const currentFilter = storageModule.getVisible()
    const filteredSubset = getFilteredSubSet(currentFilter)
    manager.setRender(filteredSubset)
}

const doFilter = (type, show) => {
    if (show) {
        storageModule.showCategory(type)
    } else {
        storageModule.hideCategory(type)
    }

    const currentFilter = storageModule.getVisible()
    const filteredSubset = getFilteredSubSet(currentFilter)
    manager.setRender(filteredSubset)

    const sortColumn = storageModule.getSort()
    doSort(sortColumn, true)
}

module.exports = {
    doFilter,
    doInitFilter,
}

},{"./datamanager.js":1,"./sort.js":7,"./storage.js":8}],4:[function(require,module,exports){
const { redraw, bindEvents, renderStatic } = require('./main.js')
const { doInitFilter } = require('./filter.js')
const { doInitSort } = require('./sort.js')
const { manager } = require('./datamanager.js')
const data = JSON.parse(document.getElementById('data-container').dataset.jsonblob)

function init() {
    manager.setManager(data)
    doInitFilter()
    doInitSort()
    renderStatic()
    redraw()
    bindEvents()
}

init()

},{"./datamanager.js":1,"./filter.js":3,"./main.js":5,"./sort.js":7}],5:[function(require,module,exports){
const { dom, find, findAll } = require('./dom.js')
const { manager } = require('./datamanager.js')
const { doSort } = require('./sort.js')
const { doFilter } = require('./filter.js')
const {
    getVisible,
    getCollapsedIds,
    setCollapsedIds,
    getSort,
    getSortDirection,
    possibleFilters,
} = require('./storage.js')

const removeChildren = (node) => {
    while (node.firstChild) {
        node.removeChild(node.firstChild)
    }
}

const renderStatic = () => {
    const renderEnvironmentTable = () => {
        const environment = manager.environment
        const rows = Object.keys(environment).map((key) => dom.getStaticRow(key, environment[key]))
        const table = document.getElementById('environment')
        removeChildren(table)
        rows.forEach((row) => table.appendChild(row))
    }
    renderEnvironmentTable()
}

const addItemToggleListener = (elem) => {
    elem.addEventListener('click', ({ target }) => {
        const id = target.parentElement.dataset.id
        manager.toggleCollapsedItem(id)

        const collapsedIds = getCollapsedIds()
        if (collapsedIds.includes(id)) {
            const updated = collapsedIds.filter((item) => item !== id)
            setCollapsedIds(updated)
        } else {
            collapsedIds.push(id)
            setCollapsedIds(collapsedIds)
        }
        redraw()
    })
}

const renderContent = (tests) => {
    const sortAttr = getSort(manager.initialSort)
    const sortAsc = JSON.parse(getSortDirection())
    const rows = tests.map(dom.getResultTBody)
    const table = document.getElementById('results-table')
    const tableHeader = document.getElementById('results-table-head')

    const newTable = document.createElement('table')
    newTable.id = 'results-table'

    // remove all sorting classes and set the relevant
    findAll('.sortable', tableHeader).forEach((elem) => elem.classList.remove('asc', 'desc'))
    tableHeader.querySelector(`.sortable[data-column-type="${sortAttr}"]`)?.classList.add(sortAsc ? 'desc' : 'asc')
    newTable.appendChild(tableHeader)

    if (!rows.length) {
        const emptyTable = document.getElementById('template_results-table__body--empty').content.cloneNode(true)
        newTable.appendChild(emptyTable)
    } else {
        rows.forEach((row) => {
            if (!!row) {
                findAll('.collapsible td:not(.col-links', row).forEach(addItemToggleListener)
                find('.logexpander', row).addEventListener('click',
                    (evt) => evt.target.parentNode.classList.toggle('expanded'),
                )
                newTable.appendChild(row)
            }
        })
    }

    table.replaceWith(newTable)
}

const renderDerived = () => {
    const currentFilter = getVisible()
    possibleFilters.forEach((result) => {
        const input = document.querySelector(`input[data-test-result="${result}"]`)
        input.checked = currentFilter.includes(result)
    })
}

const bindEvents = () => {
    const filterColumn = (evt) => {
        const { target: element } = evt
        const { testResult } = element.dataset

        doFilter(testResult, element.checked)
        const collapsedIds = getCollapsedIds()
        const updated = manager.renderData.tests.map((test) => {
            return {
                ...test,
                collapsed: collapsedIds.includes(test.id),
            }
        })
        manager.setRender(updated)
        redraw()
    }

    const header = document.getElementById('environment-header')
    header.addEventListener('click', () => {
        const table = document.getElementById('environment')
        table.classList.toggle('hidden')
        header.classList.toggle('collapsed')
    })

    findAll('input[name="filter_checkbox"]').forEach((elem) => {
        elem.addEventListener('click', filterColumn)
    })

    findAll('.sortable').forEach((elem) => {
        elem.addEventListener('click', (evt) => {
            const { target: element } = evt
            const { columnType } = element.dataset
            doSort(columnType)
            redraw()
        })
    })

    document.getElementById('show_all_details').addEventListener('click', () => {
        manager.allCollapsed = false
        setCollapsedIds([])
        redraw()
    })
    document.getElementById('hide_all_details').addEventListener('click', () => {
        manager.allCollapsed = true
        const allIds = manager.renderData.tests.map((test) => test.id)
        setCollapsedIds(allIds)
        redraw()
    })
}

const redraw = () => {
    const { testSubset } = manager

    renderContent(testSubset)
    renderDerived()
}

module.exports = {
    redraw,
    bindEvents,
    renderStatic,
}

},{"./datamanager.js":1,"./dom.js":2,"./filter.js":3,"./sort.js":7,"./storage.js":8}],6:[function(require,module,exports){
class MediaViewer {
    constructor(assets) {
        this.assets = assets
        this.index = 0
    }

    nextActive() {
        this.index = this.index === this.assets.length - 1 ? 0 : this.index + 1
        return [this.activeFile, this.index]
    }

    prevActive() {
        this.index = this.index === 0 ? this.assets.length - 1 : this.index -1
        return [this.activeFile, this.index]
    }

    get currentIndex() {
        return this.index
    }

    get activeFile() {
        return this.assets[this.index]
    }
}


const setup = (resultBody, assets) => {
    if (!assets.length) {
        resultBody.querySelector('.media').classList.add('hidden')
        return
    }

    const mediaViewer = new MediaViewer(assets)
    const container = resultBody.querySelector('.media-container')
    const leftArrow = resultBody.querySelector('.media-container__nav--left')
    const rightArrow = resultBody.querySelector('.media-container__nav--right')
    const mediaName = resultBody.querySelector('.media__name')
    const counter = resultBody.querySelector('.media__counter')
    const imageEl = resultBody.querySelector('img')
    const sourceEl = resultBody.querySelector('source')
    const videoEl = resultBody.querySelector('video')

    const setImg = (media, index) => {
        if (media?.format_type === 'image') {
            imageEl.src = media.path

            imageEl.classList.remove('hidden')
            videoEl.classList.add('hidden')
        } else if (media?.format_type === 'video') {
            sourceEl.src = media.path

            videoEl.classList.remove('hidden')
            imageEl.classList.add('hidden')
        }

        mediaName.innerText = media?.name
        counter.innerText = `${index + 1} / ${assets.length}`
    }
    setImg(mediaViewer.activeFile, mediaViewer.currentIndex)

    const moveLeft = () => {
        const [media, index] = mediaViewer.prevActive()
        setImg(media, index)
    }
    const doRight = () => {
        const [media, index] = mediaViewer.nextActive()
        setImg(media, index)
    }
    const openImg = () => {
        window.open(mediaViewer.activeFile.path, '_blank')
    }
    if (assets.length === 1) {
        container.classList.add('media-container--fullscreen')
    } else {
        leftArrow.addEventListener('click', moveLeft)
        rightArrow.addEventListener('click', doRight)
    }
    imageEl.addEventListener('click', openImg)
}

module.exports = {
    setup,
}

},{}],7:[function(require,module,exports){
const { manager } = require('./datamanager.js')
const storageModule = require('./storage.js')

const genericSort = (list, key, ascending, customOrder) => {
    let sorted
    if (customOrder) {
        sorted = list.sort((a, b) => {
            const aValue = a.result.toLowerCase()
            const bValue = b.result.toLowerCase()

            const aIndex = customOrder.findIndex((item) => item.toLowerCase() === aValue)
            const bIndex = customOrder.findIndex((item) => item.toLowerCase() === bValue)

            // Compare the indices to determine the sort order
            return aIndex - bIndex
        })
    } else {
        sorted = list.sort((a, b) => a[key] === b[key] ? 0 : a[key] > b[key] ? 1 : -1)
    }

    if (ascending) {
        sorted.reverse()
    }
    return sorted
}

const durationSort = (list, ascending) => {
    const parseDuration = (duration) => {
        if (duration.includes(':')) {
            // If it's in the format "HH:mm:ss"
            const [hours, minutes, seconds] = duration.split(':').map(Number)
            return (hours * 3600 + minutes * 60 + seconds) * 1000
        } else {
            // If it's in the format "nnn ms"
            return parseInt(duration)
        }
    }
    const sorted = list.sort((a, b) => parseDuration(a['duration']) - parseDuration(b['duration']))
    if (ascending) {
        sorted.reverse()
    }
    return sorted
}

const doInitSort = () => {
    const type = storageModule.getSort(manager.initialSort)
    const ascending = storageModule.getSortDirection()
    const list = manager.testSubset
    const initialOrder = ['Error', 'Failed', 'Rerun', 'XFailed', 'XPassed', 'Skipped', 'Passed']

    storageModule.setSort(type)
    storageModule.setSortDirection(ascending)

    if (type?.toLowerCase() === 'original') {
        manager.setRender(list)
    } else {
        let sortedList
        switch (type) {
        case 'duration':
            sortedList = durationSort(list, ascending)
            break
        case 'result':
            sortedList = genericSort(list, type, ascending, initialOrder)
            break
        default:
            sortedList = genericSort(list, type, ascending)
            break
        }
        manager.setRender(sortedList)
    }
}

const doSort = (type, skipDirection) => {
    const newSortType = storageModule.getSort(manager.initialSort) !== type
    const currentAsc = storageModule.getSortDirection()
    let ascending
    if (skipDirection) {
        ascending = currentAsc
    } else {
        ascending = newSortType ? false : !currentAsc
    }
    storageModule.setSort(type)
    storageModule.setSortDirection(ascending)

    const list = manager.testSubset
    const sortedList = type === 'duration' ? durationSort(list, ascending) : genericSort(list, type, ascending)
    manager.setRender(sortedList)
}

module.exports = {
    doInitSort,
    doSort,
}

},{"./datamanager.js":1,"./storage.js":8}],8:[function(require,module,exports){
const possibleFilters = [
    'passed',
    'skipped',
    'failed',
    'error',
    'xfailed',
    'xpassed',
    'rerun',
]

const getVisible = () => {
    const url = new URL(window.location.href)
    const settings = new URLSearchParams(url.search).get('visible')
    const lower = (item) => {
        const lowerItem = item.toLowerCase()
        if (possibleFilters.includes(lowerItem)) {
            return lowerItem
        }
        return null
    }
    return settings === null ?
        possibleFilters :
        [...new Set(settings?.split(',').map(lower).filter((item) => item))]
}

const hideCategory = (categoryToHide) => {
    const url = new URL(window.location.href)
    const visibleParams = new URLSearchParams(url.search).get('visible')
    const currentVisible = visibleParams ? visibleParams.split(',') : [...possibleFilters]
    const settings = [...new Set(currentVisible)].filter((f) => f !== categoryToHide).join(',')

    url.searchParams.set('visible', settings)
    window.history.pushState({}, null, unescape(url.href))
}

const showCategory = (categoryToShow) => {
    if (typeof window === 'undefined') {
        return
    }
    const url = new URL(window.location.href)
    const currentVisible = new URLSearchParams(url.search).get('visible')?.split(',').filter(Boolean) ||
        [...possibleFilters]
    const settings = [...new Set([categoryToShow, ...currentVisible])]
    const noFilter = possibleFilters.length === settings.length || !settings.length

    noFilter ? url.searchParams.delete('visible') : url.searchParams.set('visible', settings.join(','))
    window.history.pushState({}, null, unescape(url.href))
}

const getSort = (initialSort) => {
    const url = new URL(window.location.href)
    let sort = new URLSearchParams(url.search).get('sort')
    if (!sort) {
        sort = initialSort || 'result'
    }
    return sort
}

const setSort = (type) => {
    const url = new URL(window.location.href)
    url.searchParams.set('sort', type)
    window.history.pushState({}, null, unescape(url.href))
}

const getCollapsedCategory = (renderCollapsed) => {
    let categories
    if (typeof window !== 'undefined') {
        const url = new URL(window.location.href)
        const collapsedItems = new URLSearchParams(url.search).get('collapsed')
        switch (true) {
        case !renderCollapsed && collapsedItems === null:
            categories = ['passed']
            break
        case collapsedItems?.length === 0 || /^["']{2}$/.test(collapsedItems):
            categories = []
            break
        case /^all$/.test(collapsedItems) || collapsedItems === null && /^all$/.test(renderCollapsed):
            categories = [...possibleFilters]
            break
        default:
            categories = collapsedItems?.split(',').map((item) => item.toLowerCase()) || renderCollapsed
            break
        }
    } else {
        categories = []
    }
    return categories
}

const getSortDirection = () => JSON.parse(sessionStorage.getItem('sortAsc')) || false
const setSortDirection = (ascending) => sessionStorage.setItem('sortAsc', ascending)

const getCollapsedIds = () => JSON.parse(sessionStorage.getItem('collapsedIds')) || []
const setCollapsedIds = (list) => sessionStorage.setItem('collapsedIds', JSON.stringify(list))

module.exports = {
    getVisible,
    hideCategory,
    showCategory,
    getCollapsedIds,
    setCollapsedIds,
    getSort,
    setSort,
    getSortDirection,
    setSortDirection,
    getCollapsedCategory,
    possibleFilters,
}

},{}]},{},[4]);
    </script>
  </footer>
</html>